<?xml version="1.0" encoding="UTF-8"?>
<!-- Generated by org.testng.reporters.JUnitReportReporter -->
<testsuite hostname="sushils-MacBook-Air.local" failures="0" tests="2" name="page.object.ui.UITest1" time="0.005" errors="0" timestamp="05 Nov 2020 07:31:33 GMT" skipped="0">
  <testcase classname="page.object.ui.UITest1" name="uiTest2" time="0.003"/>
  <testcase classname="page.object.ui.UITest1" name="uiTest1" time="0.002"/>
</testsuite> <!-- page.object.ui.UITest1 -->
